<?xml version="1.0" encoding="UTF-8"?>
<coverage generated="1565401343198" clover="3.2.0">
  <project timestamp="1565401343198" name="All files">
    <metrics statements="27" coveredstatements="24" conditionals="14" coveredconditionals="14" methods="3" coveredmethods="2" elements="44" coveredelements="40" complexity="0" loc="27" ncloc="27" packages="1" files="1" classes="1"/>
    <file name="app.js" path="C:\Users\Samsung\Documents\LP3_2019_2\Aula01\app.js">
      <metrics statements="27" coveredstatements="24" conditionals="14" coveredconditionals="14" methods="3" coveredmethods="2"/>
      <line num="4" count="1" type="stmt"/>
      <line num="5" count="1" type="stmt"/>
      <line num="7" count="1" type="stmt"/>
      <line num="8" count="0" type="stmt"/>
      <line num="9" count="0" type="stmt"/>
      <line num="10" count="0" type="stmt"/>
      <line num="13" count="1" type="stmt"/>
      <line num="15" count="3" type="stmt"/>
      <line num="18" count="3" type="stmt"/>
      <line num="19" count="3" type="stmt"/>
      <line num="22" count="1" type="stmt"/>
      <line num="23" count="12" type="stmt"/>
      <line num="26" count="12" type="stmt"/>
      <line num="27" count="12" type="cond" truecount="2" falsecount="0"/>
      <line num="28" count="11" type="stmt"/>
      <line num="30" count="99" type="stmt"/>
      <line num="33" count="11" type="stmt"/>
      <line num="34" count="11" type="cond" truecount="4" falsecount="0"/>
      <line num="36" count="11" type="cond" truecount="2" falsecount="0"/>
      <line num="37" count="10" type="stmt"/>
      <line num="39" count="10" type="stmt"/>
      <line num="40" count="100" type="stmt"/>
      <line num="42" count="10" type="stmt"/>
      <line num="43" count="10" type="cond" truecount="4" falsecount="0"/>
      <line num="45" count="10" type="cond" truecount="2" falsecount="0"/>
      <line num="47" count="6" type="stmt"/>
      <line num="52" count="1" type="stmt"/>
    </file>
  </project>
</coverage>
