{"C:\\Users\\Samsung\\Documents\\LP3_2019_2\\Aula01\\app.js": {"path":"C:\\Users\\Samsung\\Documents\\LP3_2019_2\\Aula01\\app.js","statementMap":{"0":{"start":{"line":4,"column":16},"end":{"line":4,"column":34}},"1":{"start":{"line":5,"column":12},"end":{"line":5,"column":21}},"2":{"start":{"line":7,"column":0},"end":{"line":11,"column":3}},"3":{"start":{"line":8,"column":20},"end":{"line":8,"column":30}},"4":{"start":{"line":9,"column":4},"end":{"line":9,"column":47}},"5":{"start":{"line":10,"column":4},"end":{"line":10,"column":24}},"6":{"start":{"line":13,"column":0},"end":{"line":20,"column":3}},"7":{"start":{"line":15,"column":14},"end":{"line":15,"column":28}},"8":{"start":{"line":18,"column":4},"end":{"line":18,"column":43}},"9":{"start":{"line":19,"column":4},"end":{"line":19,"column":32}},"10":{"start":{"line":22,"column":0},"end":{"line":48,"column":3}},"11":{"start":{"line":23,"column":14},"end":{"line":23,"column":28}},"12":{"start":{"line":26,"column":8},"end":{"line":26,"column":17}},"13":{"start":{"line":27,"column":8},"end":{"line":27,"column":68}},"14":{"start":{"line":27,"column":34},"end":{"line":27,"column":68}},"15":{"start":{"line":28,"column":8},"end":{"line":31,"column":9}},"16":{"start":{"line":30,"column":12},"end":{"line":30,"column":65}},"17":{"start":{"line":33,"column":8},"end":{"line":33,"column":29}},"18":{"start":{"line":34,"column":8},"end":{"line":34,"column":52}},"19":{"start":{"line":34,"column":42},"end":{"line":34,"column":52}},"20":{"start":{"line":36,"column":8},"end":{"line":36,"column":86}},"21":{"start":{"line":36,"column":52},"end":{"line":36,"column":86}},"22":{"start":{"line":37,"column":8},"end":{"line":37,"column":15}},"23":{"start":{"line":39,"column":8},"end":{"line":41,"column":9}},"24":{"start":{"line":40,"column":12},"end":{"line":40,"column":65}},"25":{"start":{"line":42,"column":8},"end":{"line":42,"column":29}},"26":{"start":{"line":43,"column":8},"end":{"line":43,"column":46}},"27":{"start":{"line":43,"column":37},"end":{"line":43,"column":46}},"28":{"start":{"line":45,"column":8},"end":{"line":45,"column":83}},"29":{"start":{"line":45,"column":49},"end":{"line":45,"column":83}},"30":{"start":{"line":47,"column":8},"end":{"line":47,"column":41}},"31":{"start":{"line":52,"column":0},"end":{"line":52,"column":21}}},"fnMap":{"0":{"name":"(anonymous_0)","decl":{"start":{"line":7,"column":17},"end":{"line":7,"column":18}},"loc":{"start":{"line":7,"column":31},"end":{"line":11,"column":1}},"line":7},"1":{"name":"(anonymous_1)","decl":{"start":{"line":13,"column":26},"end":{"line":13,"column":27}},"loc":{"start":{"line":13,"column":40},"end":{"line":20,"column":1}},"line":13},"2":{"name":"(anonymous_2)","decl":{"start":{"line":22,"column":21},"end":{"line":22,"column":22}},"loc":{"start":{"line":22,"column":35},"end":{"line":48,"column":1}},"line":22}},"branchMap":{"0":{"loc":{"start":{"line":27,"column":8},"end":{"line":27,"column":68}},"type":"if","locations":[{"start":{"line":27,"column":8},"end":{"line":27,"column":68}},{"start":{"line":27,"column":8},"end":{"line":27,"column":68}}],"line":27},"1":{"loc":{"start":{"line":34,"column":8},"end":{"line":34,"column":52}},"type":"if","locations":[{"start":{"line":34,"column":8},"end":{"line":34,"column":52}},{"start":{"line":34,"column":8},"end":{"line":34,"column":52}}],"line":34},"2":{"loc":{"start":{"line":34,"column":11},"end":{"line":34,"column":40}},"type":"binary-expr","locations":[{"start":{"line":34,"column":12},"end":{"line":34,"column":23}},{"start":{"line":34,"column":29},"end":{"line":34,"column":39}}],"line":34},"3":{"loc":{"start":{"line":36,"column":8},"end":{"line":36,"column":86}},"type":"if","locations":[{"start":{"line":36,"column":8},"end":{"line":36,"column":86}},{"start":{"line":36,"column":8},"end":{"line":36,"column":86}}],"line":36},"4":{"loc":{"start":{"line":43,"column":8},"end":{"line":43,"column":46}},"type":"if","locations":[{"start":{"line":43,"column":8},"end":{"line":43,"column":46}},{"start":{"line":43,"column":8},"end":{"line":43,"column":46}}],"line":43},"5":{"loc":{"start":{"line":43,"column":11},"end":{"line":43,"column":35}},"type":"binary-expr","locations":[{"start":{"line":43,"column":12},"end":{"line":43,"column":21}},{"start":{"line":43,"column":25},"end":{"line":43,"column":34}}],"line":43},"6":{"loc":{"start":{"line":45,"column":8},"end":{"line":45,"column":83}},"type":"if","locations":[{"start":{"line":45,"column":8},"end":{"line":45,"column":83}},{"start":{"line":45,"column":8},"end":{"line":45,"column":83}}],"line":45}},"s":{"0":1,"1":1,"2":1,"3":0,"4":0,"5":0,"6":1,"7":3,"8":3,"9":3,"10":1,"11":12,"12":12,"13":12,"14":1,"15":11,"16":99,"17":11,"18":11,"19":1,"20":11,"21":1,"22":10,"23":10,"24":100,"25":10,"26":10,"27":2,"28":10,"29":4,"30":6,"31":1},"f":{"0":0,"1":3,"2":12},"b":{"0":[1,11],"1":[1,10],"2":[11,10],"3":[1,10],"4":[2,8],"5":[10,8],"6":[4,6]},"_coverageSchema":"43e27e138ebf9cfc5966b082cf9a028302ed4184","hash":"5a1d53e49ed63e053a6fbc5a1cc265dd8251a157"}
}
