TN:
SF:C:\Users\Samsung\Documents\LP3_2019_2\Aula01\app.js
FN:7,(anonymous_0)
FN:13,(anonymous_1)
FN:22,(anonymous_2)
FNF:3
FNH:2
FNDA:0,(anonymous_0)
FNDA:3,(anonymous_1)
FNDA:12,(anonymous_2)
DA:4,1
DA:5,1
DA:7,1
DA:8,0
DA:9,0
DA:10,0
DA:13,1
DA:15,3
DA:18,3
DA:19,3
DA:22,1
DA:23,12
DA:26,12
DA:27,12
DA:28,11
DA:30,99
DA:33,11
DA:34,11
DA:36,11
DA:37,10
DA:39,10
DA:40,100
DA:42,10
DA:43,10
DA:45,10
DA:47,6
DA:52,1
LF:27
LH:24
BRDA:27,0,0,1
BRDA:27,0,1,11
BRDA:34,1,0,1
BRDA:34,1,1,10
BRDA:34,2,0,11
BRDA:34,2,1,10
BRDA:36,3,0,1
BRDA:36,3,1,10
BRDA:43,4,0,2
BRDA:43,4,1,8
BRDA:43,5,0,10
BRDA:43,5,1,8
BRDA:45,6,0,4
BRDA:45,6,1,6
BRF:14
BRH:14
end_of_record
